           ...Welcome to Battleship...
   Please wait for other player to join.
Enter Player Name:
Player B
D 0 0 E DestroyB
C 0 1 E CruiserB
F 9 9
F 10 10
F 9 8
F 2 4
F 2 5
F 2 6
F 3 5
F 3 2
F 3 3
F 3 4   You will now place 2 ships. You may choose between either a Cruiser (C)
   and Destroyer (D)...
   Enter Ship info. An example input looks like:

D 2 4 S USS MyBoat

   The above line creates a Destroyer with the stern located at x=2 (col),
   y=4 (row) and the front of the ship will point to the SOUTH (valid
   headings are N, E, S, and W.


   the name of the ship will be "USS MyBoat"
Enter Ship 1 information:
Added ship DestroyB successfully...

+----------+
|DDD       |
|          |
|          |
|          |
|          |
|          |
|          |
|          |
|          |
|          |
+----------+

Added ship CruiserB successfully...

+----------+
|DDD       |
|CCCC      |
|          |
|          |
|          |
|          |
|          |
|          |
|          |
|          |
+----------+


+----------+
|DDD       |
|CCCC      |
|          |
|          |
|          |
|          |
|          |
|          |
|          |
|          |
+----------+



   Missiles Away! Game has begun
   To Launch a missle at your enemy:
F 2 4
Fires a missile at coordinate x=2, y=4.
Missile Missed!!!
------------------------
Target Board:
+----------+
|          |
|          |
|          |
|          |
|          |
|          |
|          |
|          |
|          |
|         x|
+----------+

Your Ships:
+----------+
|dDD       |
|CCCC      |
|          |
|          |
|          |
|          |
|          |
|          |
|          |
|          |
+----------+

   Waiting for Next Command...


Missile Missed!!!
------------------------
Target Board:
+----------+
|          |
|          |
|          |
|          |
|          |
|          |
|          |
|          |
|          |
|         x|
+----------+

Your Ships:
+----------+
|ddD       |
|CCCC      |
|          |
|          |
|          |
|          |
|          |
|          |
|          |
|          |
+----------+

   Waiting for Next Command...


Missile Missed!!!
------------------------
Target Board:
+----------+
|          |
|          |
|          |
|          |
|          |
|          |
|          |
|          |
|         x|
|         x|
+----------+

Your Ships:
+----------+
|ddD       |
|CCCC      |
|          |
|          |
|          |
|          |
|          |
|          |
|          |
|          |
+----------+

   Waiting for Next Command...


Direct Strike to DestroyA... Ouch...
------------------------
Target Board:
+----------+
|          |
|          |
|          |
|          |
|  x       |
|          |
|          |
|          |
|         x|
|         x|
+----------+

Your Ships:
+----------+
|ddd       |
|CCCC      |
|          |
|          |
|          |
|          |
|          |
|          |
|          |
|          |
+----------+

   Waiting for Next Command...


Direct Strike to DestroyA... Ouch...
------------------------
Target Board:
+----------+
|          |
|          |
|          |
|          |
|  x       |
|  x       |
|          |
|          |
|         x|
|         x|
+----------+

Your Ships:
+----------+
|ddd       |
|cCCC      |
|          |
|          |
|          |
|          |
|          |
|          |
|          |
|          |
+----------+

   Waiting for Next Command...


Direct Strike to DestroyA... Ouch...
DestroyA is swimming with the fishes...
------------------------
Target Board:
+----------+
|          |
|          |
|          |
|          |
|  x       |
|  x       |
|  x       |
|          |
|         x|
|         x|
+----------+

Your Ships:
+----------+
|ddd       |
|cccC      |
|          |
|          |
|          |
|          |
|          |
|          |
|          |
|          |
+----------+

   Waiting for Next Command...


Direct Strike to CruiserA... Ouch...
------------------------
Target Board:
+----------+
|          |
|          |
|          |
|          |
|  x       |
|  xx      |
|  x       |
|          |
|         x|
|         x|
+----------+

Your Ships:
+----------+
|ddd       |
|cccC      |
|          |
|          |
|          |
|          |
|          |
|          |
|          |
|          |
+----------+

   Waiting for Next Command...


Direct Strike to CruiserA... Ouch...
------------------------
Target Board:
+----------+
|          |
|          |
|   x      |
|          |
|  x       |
|  xx      |
|  x       |
|          |
|         x|
|         x|
+----------+

Your Ships:
+----------+
|ddd       |
|cccC      |
|          |
|          |
|          |
|          |
|          |
|          |
|          |
|          |
+----------+

   Waiting for Next Command...


Direct Strike to CruiserA... Ouch...
------------------------
Target Board:
+----------+
|          |
|          |
|   x      |
|   x      |
|  x       |
|  xx      |
|  x       |
|          |
|         x|
|         x|
+----------+

Your Ships:
+----------+
|ddd       |
|cccC      |
|          |
|          |
|          |
|          |
|          |
|          |
|          |
|          |
+----------+

   Waiting for Next Command...



Direct Strike to CruiserA... Ouch...
CruiserA is swimming with the fishes...
------------------------
Target Board:
+----------+
|          |
|          |
|   x      |
|   x      |
|  xx      |
|  xx      |
|  x       |
|          |
|         x|
|         x|
+----------+

Your Ships:
+----------+
|ddd       |
|cccc      |
|          |
|          |
|          |
|          |
|          |
|          |
|          |
|          |
+----------+

   Waiting for Next Command...


YOU HAVE WON! ALL ENEMY SHIPS ARE SUNK!!!
